<?xml version="1.0" encoding="UTF-8"?>
<testng-results skipped="0" failed="0" ignored="0" total="1" passed="1">
  <reporter-output>
  </reporter-output>
  <suite name="Default suite" duration-ms="30156" started-at="2020-06-28T03:48:56 IST" finished-at="2020-06-28T03:49:26 IST">
    <groups>
    </groups>
    <test name="Default test" duration-ms="30156" started-at="2020-06-28T03:48:56 IST" finished-at="2020-06-28T03:49:26 IST">
      <class name="dd_main.MainTest">
        <test-method status="PASS" signature="launchApp()[pri:0, instance:dd_main.MainTest@6b57696f]" name="launchApp" is-config="true" duration-ms="11824" started-at="2020-06-28T03:48:56 IST" finished-at="2020-06-28T03:49:08 IST">
          <reporter-output>
          </reporter-output>
        </test-method> <!-- launchApp -->
        <test-method status="PASS" signature="homeSignup()[pri:0, instance:dd_main.MainTest@6b57696f]" name="homeSignup" duration-ms="18276" started-at="2020-06-28T03:49:08 IST" finished-at="2020-06-28T03:49:26 IST">
          <reporter-output>
          </reporter-output>
        </test-method> <!-- homeSignup -->
      </class> <!-- dd_main.MainTest -->
    </test> <!-- Default test -->
  </suite> <!-- Default suite -->
</testng-results>
